\BOOKMARK [0][-]{chapter*.1}{Ordliste}{}% 1
\BOOKMARK [0][-]{chapter.1}{Indledning}{}% 2
\BOOKMARK [0][-]{chapter.2}{Kravspecifikation}{}% 3
\BOOKMARK [1][-]{section.2.1}{Indledning}{chapter.2}% 4
\BOOKMARK [1][-]{section.2.2}{Funktionelle krav}{chapter.2}% 5
\BOOKMARK [2][-]{subsection.2.2.1}{Akt\370r-kontekst diagram}{section.2.2}% 6
\BOOKMARK [2][-]{subsection.2.2.2}{Akt\370rbeskrivelse}{section.2.2}% 7
\BOOKMARK [1][-]{section.2.3}{Use cases}{chapter.2}% 8
\BOOKMARK [2][-]{subsection.2.3.1}{Use case diagram}{section.2.3}% 9
\BOOKMARK [1][-]{section.2.4}{Ikke-funktionelle krav}{chapter.2}% 10
\BOOKMARK [2][-]{subsection.2.4.1}{\(F\)URPS+}{section.2.4}% 11
\BOOKMARK [0][-]{chapter.3}{Hardware design}{}% 12
\BOOKMARK [1][-]{section.3.1}{Indledning}{chapter.3}% 13
\BOOKMARK [1][-]{section.3.2}{Hardware arkitektur}{chapter.3}% 14
\BOOKMARK [2][-]{subsection.3.2.1}{Design af forst\346rker}{section.3.2}% 15
\BOOKMARK [2][-]{subsection.3.2.2}{Design af analogfilter}{section.3.2}% 16
\BOOKMARK [1][-]{section.3.3}{Implementering}{chapter.3}% 17
\BOOKMARK [1][-]{section.3.4}{Modultest}{chapter.3}% 18
\BOOKMARK [0][-]{chapter.4}{Software design}{}% 19
\BOOKMARK [1][-]{section.4.1}{Indledning}{chapter.4}% 20
\BOOKMARK [1][-]{section.4.2}{Design}{chapter.4}% 21
\BOOKMARK [2][-]{subsection.4.2.1}{GUI}{section.4.2}% 22
\BOOKMARK [2][-]{subsection.4.2.2}{UML klassediagram}{section.4.2}% 23
\BOOKMARK [2][-]{subsection.4.2.3}{Appliktationsmodel}{section.4.2}% 24
\BOOKMARK [1][-]{section.4.3}{Implementering}{chapter.4}% 25
\BOOKMARK [1][-]{section.4.4}{Unittest}{chapter.4}% 26
\BOOKMARK [0][-]{chapter.5}{Integrationstest}{}% 27
\BOOKMARK [1][-]{section.5.1}{Hardware}{chapter.5}% 28
\BOOKMARK [1][-]{section.5.2}{Software}{chapter.5}% 29
\BOOKMARK [0][-]{chapter.6}{Acceptest}{}% 30
\BOOKMARK [1][-]{section.6.1}{Indledning}{chapter.6}% 31
\BOOKMARK [1][-]{section.6.2}{Accepttest af Use Cases}{chapter.6}% 32
\BOOKMARK [2][-]{subsection.6.2.1}{Use Case 1}{section.6.2}% 33
\BOOKMARK [2][-]{subsection.6.2.2}{Use Case 2}{section.6.2}% 34
\BOOKMARK [2][-]{subsection.6.2.3}{Use Case 3}{section.6.2}% 35
\BOOKMARK [2][-]{subsection.6.2.4}{Use Case 4}{section.6.2}% 36
\BOOKMARK [2][-]{subsection.6.2.5}{Use Case 5}{section.6.2}% 37
\BOOKMARK [2][-]{subsection.6.2.6}{Use Case 6}{section.6.2}% 38
\BOOKMARK [1][-]{section.6.3}{Accepttest af ikke-funktionelle krav}{chapter.6}% 39
\BOOKMARK [0][-]{chapter*.29}{Bilag}{}% 40
\BOOKMARK [1][-]{section*.30}{Fejlrapport}{chapter*.29}% 41
\BOOKMARK [1][-]{section*.31}{Logbog}{chapter*.29}% 42
\BOOKMARK [1][-]{section*.32}{M\370dereferart}{chapter*.29}% 43
\BOOKMARK [1][-]{section*.33}{Kode}{chapter*.29}% 44
\BOOKMARK [1][-]{section*.34}{Tidsplan}{chapter*.29}% 45
\BOOKMARK [1][-]{section*.35}{Samarbejdsaftale}{chapter*.29}% 46
