\BOOKMARK [0][-]{chapter*.1}{Resum\351}{}% 1
\BOOKMARK [0][-]{chapter*.2}{Godkendelsesformular}{}% 2
\BOOKMARK [0][-]{chapter*.3}{Ordliste}{}% 3
\BOOKMARK [0][-]{chapter.1}{Indledning}{}% 4
\BOOKMARK [0][-]{chapter.2}{Projektformulering}{}% 5
\BOOKMARK [0][-]{chapter.3}{Baggrund}{}% 6
\BOOKMARK [1][-]{section.3.1}{Hjertet \046 Kredsl\370b}{chapter.3}% 7
\BOOKMARK [1][-]{section.3.2}{Blodtryk}{chapter.3}% 8
\BOOKMARK [1][-]{section.3.3}{Hypertension}{chapter.3}% 9
\BOOKMARK [1][-]{section.3.4}{Hypotension}{chapter.3}% 10
\BOOKMARK [1][-]{section.3.5}{H\346modynamik}{chapter.3}% 11
\BOOKMARK [0][-]{chapter.4}{Systembeskrivelse}{}% 12
\BOOKMARK [0][-]{chapter.5}{Krav}{}% 13
\BOOKMARK [0][-]{chapter.6}{Projektbeskrivelse}{}% 14
\BOOKMARK [1][-]{section.6.1}{Projektgennemf\370relse}{chapter.6}% 15
\BOOKMARK [1][-]{section.6.2}{Metode}{chapter.6}% 16
\BOOKMARK [2][-]{subsection.6.2.1}{Ase-modellen}{section.6.2}% 17
\BOOKMARK [2][-]{subsection.6.2.2}{Vandfald}{section.6.2}% 18
\BOOKMARK [2][-]{subsection.6.2.3}{V-model}{section.6.2}% 19
\BOOKMARK [1][-]{section.6.3}{Specifikation og analyse}{chapter.6}% 20
\BOOKMARK [1][-]{section.6.4}{Arkitektur}{chapter.6}% 21
\BOOKMARK [2][-]{subsection.6.4.1}{Design}{section.6.4}% 22
\BOOKMARK [2][-]{subsection.6.4.2}{Implementering}{section.6.4}% 23
\BOOKMARK [2][-]{subsection.6.4.3}{Test}{section.6.4}% 24
\BOOKMARK [1][-]{section.6.5}{Resultater og diskussion}{chapter.6}% 25
\BOOKMARK [1][-]{section.6.6}{Opn\345ede erfaringer}{chapter.6}% 26
\BOOKMARK [1][-]{section.6.7}{Fremtidigt arbejde}{chapter.6}% 27
\BOOKMARK [0][-]{chapter.7}{Konklusion}{}% 28
\BOOKMARK [0][-]{section*.13}{Litteratur}{}% 29
