\BOOKMARK [0][-]{chapter*.1}{Ordliste}{}% 1
\BOOKMARK [0][-]{chapter.1}{Indledning}{}% 2
\BOOKMARK [0][-]{chapter.2}{Kravspecifikation}{}% 3
\BOOKMARK [1][-]{section.2.1}{Indledning}{chapter.2}% 4
\BOOKMARK [1][-]{section.2.2}{Funktionelle krav}{chapter.2}% 5
\BOOKMARK [2][-]{subsection.2.2.1}{Akt\370r-kontekst diagram}{section.2.2}% 6
\BOOKMARK [2][-]{subsection.2.2.2}{Akt\370rbeskrivelse}{section.2.2}% 7
\BOOKMARK [1][-]{section.2.3}{Use cases}{chapter.2}% 8
\BOOKMARK [2][-]{subsection.2.3.1}{Use case diagram}{section.2.3}% 9
\BOOKMARK [2][-]{subsection.2.3.2}{Use case 1}{section.2.3}% 10
\BOOKMARK [2][-]{subsection.2.3.3}{Use case 2}{section.2.3}% 11
\BOOKMARK [2][-]{subsection.2.3.4}{Use case 3}{section.2.3}% 12
\BOOKMARK [2][-]{subsection.2.3.5}{Use case 4}{section.2.3}% 13
\BOOKMARK [2][-]{subsection.2.3.6}{Use case 5}{section.2.3}% 14
\BOOKMARK [2][-]{subsection.2.3.7}{Use case 6}{section.2.3}% 15
\BOOKMARK [1][-]{section.2.4}{Ikke-funktionelle krav}{chapter.2}% 16
\BOOKMARK [2][-]{subsection.2.4.1}{\(F\)URPS+}{section.2.4}% 17
\BOOKMARK [0][-]{chapter.3}{Design}{}% 18
\BOOKMARK [1][-]{section.3.1}{Indledning}{chapter.3}% 19
\BOOKMARK [1][-]{section.3.2}{Hardware arkitektur}{chapter.3}% 20
\BOOKMARK [2][-]{subsection.3.2.1}{Design af forst\346rker}{section.3.2}% 21
\BOOKMARK [2][-]{subsection.3.2.2}{Design af analogfilter}{section.3.2}% 22
\BOOKMARK [2][-]{subsection.3.2.3}{Gr\346nseflader}{section.3.2}% 23
\BOOKMARK [1][-]{section.3.3}{Software arkitektur}{chapter.3}% 24
\BOOKMARK [2][-]{subsection.3.3.1}{GUI}{section.3.3}% 25
\BOOKMARK [2][-]{subsection.3.3.2}{UML klassediagram}{section.3.3}% 26
\BOOKMARK [2][-]{subsection.3.3.3}{Appliktationsmodel}{section.3.3}% 27
\BOOKMARK [1][-]{section.3.4}{Software implementering}{chapter.3}% 28
\BOOKMARK [0][-]{chapter.4}{Integrationstest}{}% 29
\BOOKMARK [1][-]{section.4.1}{Hardware}{chapter.4}% 30
\BOOKMARK [1][-]{section.4.2}{Software}{chapter.4}% 31
\BOOKMARK [0][-]{chapter.5}{Acceptest}{}% 32
\BOOKMARK [1][-]{section.5.1}{Indledning}{chapter.5}% 33
\BOOKMARK [1][-]{section.5.2}{Accepttest af Use Cases}{chapter.5}% 34
\BOOKMARK [2][-]{subsection.5.2.1}{Use Case 1}{section.5.2}% 35
\BOOKMARK [2][-]{subsection.5.2.2}{Use Case 2}{section.5.2}% 36
\BOOKMARK [2][-]{subsection.5.2.3}{Use Case 3}{section.5.2}% 37
\BOOKMARK [2][-]{subsection.5.2.4}{Use Case 4}{section.5.2}% 38
\BOOKMARK [2][-]{subsection.5.2.5}{Use Case 5}{section.5.2}% 39
\BOOKMARK [2][-]{subsection.5.2.6}{Use Case 6}{section.5.2}% 40
\BOOKMARK [1][-]{section.5.3}{Accepttest af ikke-funktionelle krav}{chapter.5}% 41
\BOOKMARK [0][-]{chapter*.29}{Bilag}{}% 42
\BOOKMARK [1][-]{section*.30}{Fejlrapport}{chapter*.29}% 43
\BOOKMARK [1][-]{section*.31}{Logbog}{chapter*.29}% 44
\BOOKMARK [1][-]{section*.32}{M\370dereferart}{chapter*.29}% 45
\BOOKMARK [1][-]{section*.33}{Kode}{chapter*.29}% 46
\BOOKMARK [1][-]{section*.34}{Samarbejdsaftale}{chapter*.29}% 47
