\BOOKMARK [0][-]{chapter*.1}{Resum\351}{}% 1
\BOOKMARK [0][-]{chapter*.2}{Godkendelsesformular}{}% 2
\BOOKMARK [0][-]{chapter*.3}{Ordliste}{}% 3
\BOOKMARK [0][-]{chapter.1}{Indledning}{}% 4
\BOOKMARK [0][-]{chapter.2}{Projektformulering}{}% 5
\BOOKMARK [0][-]{chapter.3}{Baggrund}{}% 6
\BOOKMARK [1][-]{section.3.1}{Hjertet \046 Kredsl\370b}{chapter.3}% 7
\BOOKMARK [1][-]{section.3.2}{Blodtryk}{chapter.3}% 8
\BOOKMARK [1][-]{section.3.3}{Hypertension}{chapter.3}% 9
\BOOKMARK [1][-]{section.3.4}{Hypotension}{chapter.3}% 10
\BOOKMARK [1][-]{section.3.5}{H\346modynamik}{chapter.3}% 11
\BOOKMARK [0][-]{chapter.4}{Systembeskrivelse}{}% 12
\BOOKMARK [0][-]{chapter.5}{Krav}{}% 13
\BOOKMARK [0][-]{chapter.6}{Projektbeskrivelse}{}% 14
\BOOKMARK [1][-]{section.6.1}{Projektgennemf\370relse}{chapter.6}% 15
\BOOKMARK [1][-]{section.6.2}{Metode}{chapter.6}% 16
\BOOKMARK [1][-]{section.6.3}{Specifikation og analyse}{chapter.6}% 17
\BOOKMARK [1][-]{section.6.4}{Arkitektur}{chapter.6}% 18
\BOOKMARK [1][-]{section.6.5}{Resultater og diskussion}{chapter.6}% 19
\BOOKMARK [1][-]{section.6.6}{Opn\345ede erfaringer}{chapter.6}% 20
\BOOKMARK [1][-]{section.6.7}{Fremtidigt arbejde}{chapter.6}% 21
\BOOKMARK [0][-]{chapter.7}{Konklusion}{}% 22
\BOOKMARK [0][-]{section*.10}{Litteratur}{}% 23
