This is pdfTeX, Version 3.14159265-2.6-1.40.15 (TeX Live 2014) (preloaded format=pdftex 2015.2.11)  15 APR 2015 12:30
entering extended mode
 restricted \write18 enabled.
 file:line:error style messages enabled.
 %&-line parsing enabled.
**"/Users/madsjorgensen/Documents/ST/2. semester/Semesterprojekt/Semesterprojekt2 - github/Projekt/Lfiler/15-04-2015.tex"
(/Users/madsjorgensen/Documents/ST/2. semester/Semesterprojekt/Semesterprojekt2 - github/Projekt/Lfiler/15-04-2015.tex
/Users/madsjorgensen/Documents/ST/2. semester/Semesterprojekt/Semesterprojekt2 - github/Projekt/Lfiler/15-04-2015.tex:1: Undefined control sequence.
l.1 \chapter
            {Logbog}
The control sequence at the end of the top line
of your error message was never \def'ed. If you have
misspelled it (e.g., `\hobx'), type `I' and the correct
spelling (e.g., `I\hbox'). Otherwise just continue,
and I'll forget about whatever was undefined.

/Users/madsjorgensen/Documents/ST/2. semester/Semesterprojekt/Semesterprojekt2 - github/Projekt/Lfiler/15-04-2015.tex:3: Undefined control sequence.
l.3 \textbf
           {Dato:} 15-04-2015
The control sequence at the end of the top line
of your error message was never \def'ed. If you have
misspelled it (e.g., `\hobx'), type `I' and the correct
spelling (e.g., `I\hbox'). Otherwise just continue,
and I'll forget about whatever was undefined.

/Users/madsjorgensen/Documents/ST/2. semester/Semesterprojekt/Semesterprojekt2 - github/Projekt/Lfiler/15-04-2015.tex:4: Undefined control sequence.
l.4 \textbf
           {Omhandler:} Rapport - baggrund
The control sequence at the end of the top line
of your error message was never \def'ed. If you have
misspelled it (e.g., `\hobx'), type `I' and the correct
spelling (e.g., `I\hbox'). Otherwise just continue,
and I'll forget about whatever was undefined.

/Users/madsjorgensen/Documents/ST/2. semester/Semesterprojekt/Semesterprojekt2 - github/Projekt/Lfiler/15-04-2015.tex:6: Undefined control sequence.
l.6 \textbf
           {Ansvarlige:}Lise og Mads
The control sequence at the end of the top line
of your error message was never \def'ed. If you have
misspelled it (e.g., `\hobx'), type `I' and the correct
spelling (e.g., `I\hbox'). Otherwise just continue,
and I'll forget about whatever was undefined.

/Users/madsjorgensen/Documents/ST/2. semester/Semesterprojekt/Semesterprojekt2 - github/Projekt/Lfiler/15-04-2015.tex:7: Undefined control sequence.
l.7 \textbf
           {Logbog}
The control sequence at the end of the top line
of your error message was never \def'ed. If you have
misspelled it (e.g., `\hobx'), type `I' and the correct
spelling (e.g., `I\hbox'). Otherwise just continue,
and I'll forget about whatever was undefined.

Runaway argument?
 Vi fik færdigskrevet baggrundsafsnittet omkring trelagsmodellen 
/Users/madsjorgensen/Documents/ST/2. semester/Semesterprojekt/Semesterprojekt2 - github/Projekt/Lfiler/15-04-2015.tex:10: Paragraph ended before \\ was complete.
<to be read again> 
                   \par 
l.10 
     
I suspect you've forgotten a `}', causing me to apply this
control sequence to too much text. How can we recover?
My plan is to forget the whole thing and hope for the best.

)
! Emergency stop.
<*> ...kt2 - github/Projekt/Lfiler/15-04-2015.tex"
                                                  
*** (job aborted, no legal \end found)

!  ==> Fatal error occurred, no output PDF file produced!
