This is pdfTeX, Version 3.14159265-2.6-1.40.15 (TeX Live 2014) (preloaded format=pdftex 2015.2.11)  20 MAR 2015 13:08
entering extended mode
 restricted \write18 enabled.
 file:line:error style messages enabled.
 %&-line parsing enabled.
**"/Users/madsjorgensen/Documents/ST/2. semester/Semesterprojekt/Semesterprojekt2 - github/Projekt/Lfiler/20-03-2015.tex"
(/Users/madsjorgensen/Documents/ST/2. semester/Semesterprojekt/Semesterprojekt2 - github/Projekt/Lfiler/20-03-2015.tex
/Users/madsjorgensen/Documents/ST/2. semester/Semesterprojekt/Semesterprojekt2 - github/Projekt/Lfiler/20-03-2015.tex:1: Undefined control sequence.
l.1 \chapter
            {Logbog}
The control sequence at the end of the top line
of your error message was never \def'ed. If you have
misspelled it (e.g., `\hobx'), type `I' and the correct
spelling (e.g., `I\hbox'). Otherwise just continue,
and I'll forget about whatever was undefined.

/Users/madsjorgensen/Documents/ST/2. semester/Semesterprojekt/Semesterprojekt2 - github/Projekt/Lfiler/20-03-2015.tex:3: Undefined control sequence.
l.3 \textbf
           {Dato:} 20-03-2015
The control sequence at the end of the top line
of your error message was never \def'ed. If you have
misspelled it (e.g., `\hobx'), type `I' and the correct
spelling (e.g., `I\hbox'). Otherwise just continue,
and I'll forget about whatever was undefined.

/Users/madsjorgensen/Documents/ST/2. semester/Semesterprojekt/Semesterprojekt2 - github/Projekt/Lfiler/20-03-2015.tex:4: Undefined control sequence.
l.4 \textbf
           {Omhandler: } Kravspec og acceptest Projekt
The control sequence at the end of the top line
of your error message was never \def'ed. If you have
misspelled it (e.g., `\hobx'), type `I' and the correct
spelling (e.g., `I\hbox'). Otherwise just continue,
and I'll forget about whatever was undefined.

/Users/madsjorgensen/Documents/ST/2. semester/Semesterprojekt/Semesterprojekt2 - github/Projekt/Lfiler/20-03-2015.tex:6: Undefined control sequence.
l.6 \textbf
           {Ansvarlige:} Albert og Mads
The control sequence at the end of the top line
of your error message was never \def'ed. If you have
misspelled it (e.g., `\hobx'), type `I' and the correct
spelling (e.g., `I\hbox'). Otherwise just continue,
and I'll forget about whatever was undefined.

/Users/madsjorgensen/Documents/ST/2. semester/Semesterprojekt/Semesterprojekt2 - github/Projekt/Lfiler/20-03-2015.tex:7: Undefined control sequence.
l.7 \textbf
           {Logbog}
The control sequence at the end of the top line
of your error message was never \def'ed. If you have
misspelled it (e.g., `\hobx'), type `I' and the correct
spelling (e.g., `I\hbox'). Otherwise just continue,
and I'll forget about whatever was undefined.

Runaway argument?
 \\ Dagsorden: \begin {itemize} \item \end {itemize} 
/Users/madsjorgensen/Documents/ST/2. semester/Semesterprojekt/Semesterprojekt2 - github/Projekt/Lfiler/20-03-2015.tex:14: Paragraph ended before \\ was complete.
<to be read again> 
                   \par 
l.14 
     
I suspect you've forgotten a `}', causing me to apply this
control sequence to too much text. How can we recover?
My plan is to forget the whole thing and hope for the best.

)
Runaway argument?
 Aktør kontekst diagram \\ Use Case diagram 
! File ended while scanning use of \\.
<inserted text> 
                \par 
<*> ...kt2 - github/Projekt/Lfiler/20-03-2015.tex"
                                                  
I suspect you have forgotten a `}', causing me
to read past where you wanted me to stop.
I'll try to recover; but if the error is serious,
you'd better type `E' or `X' now and fix your file.

! Emergency stop.
<*> ...kt2 - github/Projekt/Lfiler/20-03-2015.tex"
                                                  
*** (job aborted, no legal \end found)

!  ==> Fatal error occurred, no output PDF file produced!
