This is pdfTeX, Version 3.14159265-2.6-1.40.15 (TeX Live 2014) (preloaded format=pdftex 2015.2.11)  3 DEC 2015 17:18
entering extended mode
 restricted \write18 enabled.
 file:line:error style messages enabled.
 %&-line parsing enabled.
**"/Users/madsjorgensen/Documents/ST/3. semester/Semesterprojekt/Semester-Projekt-3/LaTex - Projekt/Lfiler/2015-12-03prog.tex"
(/Users/madsjorgensen/Documents/ST/3. semester/Semesterprojekt/Semester-Projekt-3/LaTex - Projekt/Lfiler/2015-12-03prog.tex
/Users/madsjorgensen/Documents/ST/3. semester/Semesterprojekt/Semester-Projekt-3/LaTex - Projekt/Lfiler/2015-12-03prog.tex:1: Undefined control sequence.
l.1 \section
            {Logbog}
The control sequence at the end of the top line
of your error message was never \def'ed. If you have
misspelled it (e.g., `\hobx'), type `I' and the correct
spelling (e.g., `I\hbox'). Otherwise just continue,
and I'll forget about whatever was undefined.

/Users/madsjorgensen/Documents/ST/3. semester/Semesterprojekt/Semester-Projekt-3/LaTex - Projekt/Lfiler/2015-12-03prog.tex:3: Undefined control sequence.
l.3 \textbf
           {Dato:} 03-12-2015\\
The control sequence at the end of the top line
of your error message was never \def'ed. If you have
misspelled it (e.g., `\hobx'), type `I' and the correct
spelling (e.g., `I\hbox'). Otherwise just continue,
and I'll forget about whatever was undefined.

)
Runaway argument?
 \textbf {Omhandler:} Software og rapport\\ \textbf {Ansvarlige:} Tin\ETC.
! File ended while scanning use of \\.
<inserted text> 
                \par 
<*> .../LaTex - Projekt/Lfiler/2015-12-03prog.tex"
                                                  
I suspect you have forgotten a `}', causing me
to read past where you wanted me to stop.
I'll try to recover; but if the error is serious,
you'd better type `E' or `X' now and fix your file.

! Emergency stop.
<*> .../LaTex - Projekt/Lfiler/2015-12-03prog.tex"
                                                  
*** (job aborted, no legal \end found)

!  ==> Fatal error occurred, no output PDF file produced!
