This is pdfTeX, Version 3.14159265-2.6-1.40.15 (TeX Live 2014) (preloaded format=pdftex 2015.2.11)  8 SEP 2015 13:09
entering extended mode
 restricted \write18 enabled.
 file:line:error style messages enabled.
 %&-line parsing enabled.
**"/Users/madsjorgensen/Documents/ST/3. semester/Semesterprojekt/Semester-Projekt-3/LaTex - Projekt/Lfiler/2015-09-08.tex"
(/Users/madsjorgensen/Documents/ST/3. semester/Semesterprojekt/Semester-Projekt-3/LaTex - Projekt/Lfiler/2015-09-08.tex
/Users/madsjorgensen/Documents/ST/3. semester/Semesterprojekt/Semester-Projekt-3/LaTex - Projekt/Lfiler/2015-09-08.tex:1: Undefined control sequence.
l.1 \chapter
            {Logbog}
The control sequence at the end of the top line
of your error message was never \def'ed. If you have
misspelled it (e.g., `\hobx'), type `I' and the correct
spelling (e.g., `I\hbox'). Otherwise just continue,
and I'll forget about whatever was undefined.

/Users/madsjorgensen/Documents/ST/3. semester/Semesterprojekt/Semester-Projekt-3/LaTex - Projekt/Lfiler/2015-09-08.tex:3: Undefined control sequence.
l.3 \textbf
           {Dato:} 8-09 2015
The control sequence at the end of the top line
of your error message was never \def'ed. If you have
misspelled it (e.g., `\hobx'), type `I' and the correct
spelling (e.g., `I\hbox'). Otherwise just continue,
and I'll forget about whatever was undefined.

/Users/madsjorgensen/Documents/ST/3. semester/Semesterprojekt/Semester-Projekt-3/LaTex - Projekt/Lfiler/2015-09-08.tex:4: Undefined control sequence.
l.4 \textbf
           {Omhandler:} Intro
The control sequence at the end of the top line
of your error message was never \def'ed. If you have
misspelled it (e.g., `\hobx'), type `I' and the correct
spelling (e.g., `I\hbox'). Otherwise just continue,
and I'll forget about whatever was undefined.

/Users/madsjorgensen/Documents/ST/3. semester/Semesterprojekt/Semester-Projekt-3/LaTex - Projekt/Lfiler/2015-09-08.tex:6: Undefined control sequence.
l.6 \textbf
           {Ansvarlige:} Alle
The control sequence at the end of the top line
of your error message was never \def'ed. If you have
misspelled it (e.g., `\hobx'), type `I' and the correct
spelling (e.g., `I\hbox'). Otherwise just continue,
and I'll forget about whatever was undefined.

/Users/madsjorgensen/Documents/ST/3. semester/Semesterprojekt/Semester-Projekt-3/LaTex - Projekt/Lfiler/2015-09-08.tex:7: Undefined control sequence.
l.7 \textbf
           {Logbog}
The control sequence at the end of the top line
of your error message was never \def'ed. If you have
misspelled it (e.g., `\hobx'), type `I' and the correct
spelling (e.g., `I\hbox'). Otherwise just continue,
and I'll forget about whatever was undefined.

Runaway argument?
 \\ Dagsorden: \begin {itemize} \item Github \item Skabelon Latex \item \ETC.
/Users/madsjorgensen/Documents/ST/3. semester/Semesterprojekt/Semester-Projekt-3/LaTex - Projekt/Lfiler/2015-09-08.tex:16: Paragraph ended before \\ was complete.
<to be read again> 
                   \par 
l.16 
     
I suspect you've forgotten a `}', causing me to apply this
control sequence to too much text. How can we recover?
My plan is to forget the whole thing and hope for the best.

)
! Emergency stop.
<*> ...kt-3/LaTex - Projekt/Lfiler/2015-09-08.tex"
                                                  
*** (job aborted, no legal \end found)

!  ==> Fatal error occurred, no output PDF file produced!
