This is pdfTeX, Version 3.14159265-2.6-1.40.15 (TeX Live 2014) (preloaded format=pdftex 2015.2.11)  20 MAR 2015 13:03
entering extended mode
 restricted \write18 enabled.
 file:line:error style messages enabled.
 %&-line parsing enabled.
**"/Users/madsjorgensen/Documents/ST/2. semester/Semesterprojekt/Semesterprojekt2 - github/Projekt/Mfiler/20-03-2015.tex"
(/Users/madsjorgensen/Documents/ST/2. semester/Semesterprojekt/Semesterprojekt2 - github/Projekt/Mfiler/20-03-2015.tex
/Users/madsjorgensen/Documents/ST/2. semester/Semesterprojekt/Semesterprojekt2 - github/Projekt/Mfiler/20-03-2015.tex:1: Undefined control sequence.
l.1 \chapter
            {M√∏dereferat}
The control sequence at the end of the top line
of your error message was never \def'ed. If you have
misspelled it (e.g., `\hobx'), type `I' and the correct
spelling (e.g., `I\hbox'). Otherwise just continue,
and I'll forget about whatever was undefined.

Missing character: There is no √ in font cmr10!
Missing character: There is no ∏ in font cmr10!
/Users/madsjorgensen/Documents/ST/2. semester/Semesterprojekt/Semesterprojekt2 - github/Projekt/Mfiler/20-03-2015.tex:3: Undefined control sequence.
l.3 \textbf
           {Dato: 20-03-2015}
The control sequence at the end of the top line
of your error message was never \def'ed. If you have
misspelled it (e.g., `\hobx'), type `I' and the correct
spelling (e.g., `I\hbox'). Otherwise just continue,
and I'll forget about whatever was undefined.

/Users/madsjorgensen/Documents/ST/2. semester/Semesterprojekt/Semesterprojekt2 - github/Projekt/Mfiler/20-03-2015.tex:5: Undefined control sequence.
l.5 \textbf
           {Fremm√∏dte: Albert, Mohamed, Martin, Malene og Mads}
The control sequence at the end of the top line
of your error message was never \def'ed. If you have
misspelled it (e.g., `\hobx'), type `I' and the correct
spelling (e.g., `I\hbox'). Otherwise just continue,
and I'll forget about whatever was undefined.

Missing character: There is no √ in font cmr10!
Missing character: There is no ∏ in font cmr10!
/Users/madsjorgensen/Documents/ST/2. semester/Semesterprojekt/Semesterprojekt2 - github/Projekt/Mfiler/20-03-2015.tex:7: Undefined control sequence.
l.7 \textbf
           {Frav√¶rende:} Lise, Cecilie og Sara
The control sequence at the end of the top line
of your error message was never \def'ed. If you have
misspelled it (e.g., `\hobx'), type `I' and the correct
spelling (e.g., `I\hbox'). Otherwise just continue,
and I'll forget about whatever was undefined.

Missing character: There is no √ in font cmr10!
Missing character: There is no ¶ in font cmr10!
/Users/madsjorgensen/Documents/ST/2. semester/Semesterprojekt/Semesterprojekt2 - github/Projekt/Mfiler/20-03-2015.tex:9: Undefined control sequence.
l.9 \textbf
           {Dagens dagsorden:}
The control sequence at the end of the top line
of your error message was never \def'ed. If you have
misspelled it (e.g., `\hobx'), type `I' and the correct
spelling (e.g., `I\hbox'). Otherwise just continue,
and I'll forget about whatever was undefined.

/Users/madsjorgensen/Documents/ST/2. semester/Semesterprojekt/Semesterprojekt2 - github/Projekt/Mfiler/20-03-2015.tex:10: Undefined control sequence.
l.10 \begin
           {itemize}
The control sequence at the end of the top line
of your error message was never \def'ed. If you have
misspelled it (e.g., `\hobx'), type `I' and the correct
spelling (e.g., `I\hbox'). Otherwise just continue,
and I'll forget about whatever was undefined.

Missing character: There is no √ in font cmr10!
Missing character: There is no • in font cmr10!
Missing character: There is no √ in font cmr10!
Missing character: There is no ∏ in font cmr10!
Missing character: There is no √ in font cmr10!
Missing character: There is no • in font cmr10!
[1{/usr/local/texlive/2014/texmf-var/fonts/map/pdftex/updmap/pdftex.map}] )</usr/local/texlive/2014/texmf-dist/fonts/type1/public/amsfonts/cm/cmr10.pfb>
Output written on "/Users/madsjorgensen/Documents/ST/2. semester/Semesterprojekt/Semesterprojekt2 - github/Projekt/Mfiler/.texpadtmp/20-03-2015.pdf" (1 page, 17408 bytes).
PDF statistics:
 12 PDF objects out of 1000 (max. 8388607)
 7 compressed objects within 1 object stream
 0 named destinations out of 1000 (max. 500000)
 1 words of extra memory for PDF output out of 10000 (max. 10000000)

